<?xml version="1.0" encoding="UTF-8"?>
<!-- Generated by org.testng.reporters.JUnitReportReporter -->
<testsuite skipped="0" hostname="DESKTOP-J20FBOJ" name="com.crm.qa.testcases.InvoicesPageTest" tests="2" failures="0" timestamp="27 May 2021 14:44:37 GMT" time="13.405" errors="0">
  <testcase name="invoicesPageTitelTest" time="6.684" classname="com.crm.qa.testcases.InvoicesPageTest"/>
  <testcase name="verifyDisplayDateTest" time="6.721" classname="com.crm.qa.testcases.InvoicesPageTest"/>
</testsuite> <!-- com.crm.qa.testcases.InvoicesPageTest -->
