<?xml version="1.0" encoding="UTF-8"?>
<!-- Generated by org.testng.reporters.JUnitReportReporter -->
<testsuite skipped="0" hostname="DESKTOP-J20FBOJ" name="com.crm.qa.testcases.SignUpPageTest" tests="2" failures="0" timestamp="09 Mar 2021 00:15:05 GMT" time="17.342" errors="0">
  <testcase name="displayRegisterTest" time="8.697" classname="com.crm.qa.testcases.SignUpPageTest"/>
  <testcase name="verifyTitleTest" time="8.645" classname="com.crm.qa.testcases.SignUpPageTest"/>
</testsuite> <!-- com.crm.qa.testcases.SignUpPageTest -->
