<?xml version="1.0" encoding="UTF-8"?>
<!-- Generated by org.testng.reporters.JUnitReportReporter -->
<testsuite skipped="0" hostname="DESKTOP-J20FBOJ" name="com.crm.qa.testcases.HomePageTest" tests="5" failures="0" timestamp="09 Mar 2021 00:15:05 GMT" time="39.679" errors="0">
  <testcase name="ContactsActivityStreamLinkTest" time="6.466" classname="com.crm.qa.testcases.HomePageTest"/>
  <testcase name="verifyUsernameTest" time="8.551" classname="com.crm.qa.testcases.HomePageTest"/>
  <testcase name="homePageTitleTest" time="8.688" classname="com.crm.qa.testcases.HomePageTest"/>
  <testcase name="dealsLinkTest" time="8.874" classname="com.crm.qa.testcases.HomePageTest"/>
  <testcase name="freeAccountLinkTest" time="7.100" classname="com.crm.qa.testcases.HomePageTest"/>
</testsuite> <!-- com.crm.qa.testcases.HomePageTest -->
