<?xml version="1.0" encoding="UTF-8"?>
<!-- Generated by org.testng.reporters.JUnitReportReporter -->
<testsuite skipped="0" hostname="DESKTOP-J20FBOJ" name="com.crm.qa.testcases.LoginPageTest" tests="4" failures="0" timestamp="09 Mar 2021 00:15:05 GMT" time="36.128" errors="0">
  <testcase name="signUpLinkTest" time="10.290" classname="com.crm.qa.testcases.LoginPageTest"/>
  <testcase name="loginTest" time="7.299" classname="com.crm.qa.testcases.LoginPageTest"/>
  <testcase name="loginPageTitleTest" time="8.960" classname="com.crm.qa.testcases.LoginPageTest"/>
  <testcase name="classicCRMLinkTest" time="9.579" classname="com.crm.qa.testcases.LoginPageTest"/>
</testsuite> <!-- com.crm.qa.testcases.LoginPageTest -->
