<?xml version="1.0" encoding="UTF-8"?>
<!-- Generated by org.testng.reporters.JUnitReportReporter -->
<testsuite skipped="0" hostname="DESKTOP-J20FBOJ" name="com.crm.qa.testcases.ClassicCRMTest" tests="2" failures="0" timestamp="27 May 2021 14:44:37 GMT" time="18.154" errors="0">
  <testcase name="displayCRMPROLogoTest" time="8.525" classname="com.crm.qa.testcases.ClassicCRMTest"/>
  <testcase name="verifyClassicCRMTitleTest" time="9.629" classname="com.crm.qa.testcases.ClassicCRMTest"/>
</testsuite> <!-- com.crm.qa.testcases.ClassicCRMTest -->
