<?xml version="1.0" encoding="UTF-8"?>
<!-- Generated by org.testng.reporters.JUnitReportReporter -->
<testsuite skipped="0" hostname="DESKTOP-J20FBOJ" name="com.crm.qa.testcases.LoginPageTest" tests="4" failures="0" timestamp="27 May 2021 14:44:37 GMT" time="26.491" errors="0">
  <testcase name="signUpLinkTest" time="6.786" classname="com.crm.qa.testcases.LoginPageTest"/>
  <testcase name="loginTest" time="6.587" classname="com.crm.qa.testcases.LoginPageTest"/>
  <testcase name="loginPageTitleTest" time="4.047" classname="com.crm.qa.testcases.LoginPageTest"/>
  <testcase name="classicCRMLinkTest" time="9.071" classname="com.crm.qa.testcases.LoginPageTest"/>
</testsuite> <!-- com.crm.qa.testcases.LoginPageTest -->
