<?xml version="1.0" encoding="UTF-8"?>
<!-- Generated by org.testng.reporters.JUnitReportReporter -->
<testsuite skipped="0" hostname="DESKTOP-J20FBOJ" name="com.crm.qa.testcases.InvoicesPageTest" tests="2" failures="0" timestamp="09 Mar 2021 00:15:05 GMT" time="17.611" errors="0">
  <testcase name="verifyDisplayDateTest" time="9.002" classname="com.crm.qa.testcases.InvoicesPageTest"/>
  <testcase name="invoicesPageTitelTest" time="8.609" classname="com.crm.qa.testcases.InvoicesPageTest"/>
</testsuite> <!-- com.crm.qa.testcases.InvoicesPageTest -->
