<?xml version="1.0" encoding="UTF-8"?>
<!-- Generated by org.testng.reporters.JUnitReportReporter -->
<testsuite skipped="0" hostname="DESKTOP-J20FBOJ" name="com.crm.qa.testcases.SignUpPageTest" tests="2" failures="0" timestamp="27 May 2021 14:44:37 GMT" time="16.596" errors="0">
  <testcase name="displayRegisterTest" time="8.489" classname="com.crm.qa.testcases.SignUpPageTest"/>
  <testcase name="verifyTitleTest" time="8.107" classname="com.crm.qa.testcases.SignUpPageTest"/>
</testsuite> <!-- com.crm.qa.testcases.SignUpPageTest -->
