<?xml version="1.0" encoding="UTF-8"?>
<!-- Generated by org.testng.reporters.JUnitReportReporter -->
<testsuite skipped="0" hostname="DESKTOP-J20FBOJ" name="com.crm.qa.testcases.FreeAccountPageTest" tests="3" failures="0" timestamp="27 May 2021 14:44:37 GMT" time="21.088" errors="0">
  <testcase name="InvoicesLinkTest" time="6.860" classname="com.crm.qa.testcases.FreeAccountPageTest"/>
  <testcase name="upgradeToProTest" time="7.604" classname="com.crm.qa.testcases.FreeAccountPageTest"/>
  <testcase name="freeAccountPageTitleTest" time="6.624" classname="com.crm.qa.testcases.FreeAccountPageTest"/>
</testsuite> <!-- com.crm.qa.testcases.FreeAccountPageTest -->
