<?xml version="1.0" encoding="UTF-8"?>
<!-- Generated by org.testng.reporters.JUnitReportReporter -->
<testsuite skipped="0" hostname="DESKTOP-J20FBOJ" name="com.crm.qa.testcases.FreeAccountPageTest" tests="3" failures="0" timestamp="09 Mar 2021 00:15:05 GMT" time="24.347" errors="0">
  <testcase name="upgradeToProTest" time="7.198" classname="com.crm.qa.testcases.FreeAccountPageTest"/>
  <testcase name="freeAccountPageTitleTest" time="9.271" classname="com.crm.qa.testcases.FreeAccountPageTest"/>
  <testcase name="InvoicesLinkTest" time="7.878" classname="com.crm.qa.testcases.FreeAccountPageTest"/>
</testsuite> <!-- com.crm.qa.testcases.FreeAccountPageTest -->
