<?xml version="1.0" encoding="UTF-8"?>
<!-- Generated by org.testng.reporters.JUnitReportReporter -->
<testsuite skipped="0" hostname="DESKTOP-J20FBOJ" name="com.crm.qa.testcases.HomePageTest" tests="5" failures="0" timestamp="27 May 2021 14:44:37 GMT" time="30.868" errors="0">
  <testcase name="ContactsActivityStreamLinkTest" time="5.670" classname="com.crm.qa.testcases.HomePageTest"/>
  <testcase name="dealsLinkTest" time="6.248" classname="com.crm.qa.testcases.HomePageTest"/>
  <testcase name="homePageTitleTest" time="5.990" classname="com.crm.qa.testcases.HomePageTest"/>
  <testcase name="verifyUsernameTest" time="6.542" classname="com.crm.qa.testcases.HomePageTest"/>
  <testcase name="freeAccountLinkTest" time="6.418" classname="com.crm.qa.testcases.HomePageTest"/>
</testsuite> <!-- com.crm.qa.testcases.HomePageTest -->
