<?xml version="1.0" encoding="UTF-8"?>
<!-- Generated by org.testng.reporters.JUnitReportReporter -->
<testsuite skipped="0" hostname="DESKTOP-J20FBOJ" name="com.crm.qa.testcases.ClassicCRMTest" tests="2" failures="0" timestamp="09 Mar 2021 00:15:05 GMT" time="19.334" errors="0">
  <testcase name="displayCRMPROLogoTest" time="8.291" classname="com.crm.qa.testcases.ClassicCRMTest"/>
  <testcase name="verifyClassicCRMTitleTest" time="11.043" classname="com.crm.qa.testcases.ClassicCRMTest"/>
</testsuite> <!-- com.crm.qa.testcases.ClassicCRMTest -->
